Using pre-set license
Built from '2020.3/staging' branch; Version is '2020.3.25f1 (9b9180224418) revision 10195328'; Using compiler version '192528614'; Build Type 'Release'
OS: 'Windows 10  (10.0.19044) 64bit Professional' Language: 'en' Physical Memory: 16341 MB
BatchMode: 1, IsHumanControllingUs: 0, StartBugReporterOnCrash: 0, Is64bit: 1, IsPro: 0

COMMAND LINE ARGUMENTS:
E:\Program Files\2020.3.25f1\Editor\Unity.exe
-adb2
-batchMode
-noUpm
-name
AssetImportWorker0
-projectPath
D:/_Unity/2020.3.25f1/Unannounced-Title/2D Story Adventure
-logFile
Logs/AssetImportWorker0.log
-srvPort
50683
Successfully changed project path to: D:/_Unity/2020.3.25f1/Unannounced-Title/2D Story Adventure
D:/_Unity/2020.3.25f1/Unannounced-Title/2D Story Adventure
Using Asset Import Pipeline V2.
Refreshing native plugins compatible for Editor in 72.85 ms, found 3 plugins.
Preloading 0 native plugins for Editor in 0.00 ms.
Initialize engine version: 2020.3.25f1 (9b9180224418)
[Subsystems] Discovering subsystems at path E:/Program Files/2020.3.25f1/Editor/Data/Resources/UnitySubsystems
[Subsystems] Discovering subsystems at path D:/_Unity/2020.3.25f1/Unannounced-Title/2D Story Adventure/Assets
GfxDevice: creating device client; threaded=0
Direct3D:
    Version:  Direct3D 11.0 [level 11.1]
    Renderer: NVIDIA GeForce GTX 1070 (ID=0x1b81)
    Vendor:   
    VRAM:     8088 MB
    Driver:   31.0.15.1659
Initialize mono
Mono path[0] = 'E:/Program Files/2020.3.25f1/Editor/Data/Managed'
Mono path[1] = 'E:/Program Files/2020.3.25f1/Editor/Data/MonoBleedingEdge/lib/mono/unityjit'
Mono config path = 'E:/Program Files/2020.3.25f1/Editor/Data/MonoBleedingEdge/etc'
Using monoOptions --debugger-agent=transport=dt_socket,embedding=1,server=y,suspend=n,address=127.0.0.1:56024
Begin MonoManager ReloadAssembly
Registering precompiled unity dll's ...
Register platform support module: E:/Program Files/2020.3.25f1/Editor/Data/PlaybackEngines/WindowsStandaloneSupport/UnityEditor.WindowsStandalone.Extensions.dll
Registered in 0.001700 seconds.
Native extension for WindowsStandalone target not found
Refreshing native plugins compatible for Editor in 45.95 ms, found 3 plugins.
Preloading 0 native plugins for Editor in 0.00 ms.
Mono: successfully reloaded assembly
- Completed reload, in  0.592 seconds
Domain Reload Profiling:
	ReloadAssembly (592ms)
		BeginReloadAssembly (68ms)
			ExecutionOrderSort (0ms)
			DisableScriptedObjects (0ms)
			BackupInstance (0ms)
			ReleaseScriptingObjects (0ms)
			CreateAndSetChildDomain (1ms)
		EndReloadAssembly (444ms)
			LoadAssemblies (68ms)
			RebuildTransferFunctionScriptingTraits (0ms)
			SetupTypeCache (157ms)
			ReleaseScriptCaches (0ms)
			RebuildScriptCaches (28ms)
			SetupLoadedEditorAssemblies (172ms)
				LogAssemblyErrors (0ms)
				InitializePlatformSupportModulesInManaged (3ms)
				SetLoadedEditorAssemblies (0ms)
				RefreshPlugins (46ms)
				BeforeProcessingInitializeOnLoad (14ms)
				ProcessInitializeOnLoadAttributes (79ms)
				ProcessInitializeOnLoadMethodAttributes (28ms)
				AfterProcessingInitializeOnLoad (0ms)
				EditorAssembliesLoaded (0ms)
			ExecutionOrderSort2 (0ms)
			AwakeInstancesAfterBackupRestoration (0ms)
Platform modules already initialized, skipping
Registering precompiled user dll's ...
Registered in 0.007890 seconds.
Begin MonoManager ReloadAssembly
Native extension for WindowsStandalone target not found
Refreshing native plugins compatible for Editor in 62.32 ms, found 3 plugins.
Preloading 0 native plugins for Editor in 0.00 ms.
Mono: successfully reloaded assembly
- Completed reload, in  1.278 seconds
Domain Reload Profiling:
	ReloadAssembly (1279ms)
		BeginReloadAssembly (136ms)
			ExecutionOrderSort (0ms)
			DisableScriptedObjects (6ms)
			BackupInstance (0ms)
			ReleaseScriptingObjects (0ms)
			CreateAndSetChildDomain (17ms)
		EndReloadAssembly (1087ms)
			LoadAssemblies (111ms)
			RebuildTransferFunctionScriptingTraits (0ms)
			SetupTypeCache (347ms)
			ReleaseScriptCaches (0ms)
			RebuildScriptCaches (52ms)
			SetupLoadedEditorAssemblies (441ms)
				LogAssemblyErrors (0ms)
				InitializePlatformSupportModulesInManaged (4ms)
				SetLoadedEditorAssemblies (0ms)
				RefreshPlugins (62ms)
				BeforeProcessingInitializeOnLoad (99ms)
				ProcessInitializeOnLoadAttributes (247ms)
				ProcessInitializeOnLoadMethodAttributes (26ms)
				AfterProcessingInitializeOnLoad (2ms)
				EditorAssembliesLoaded (0ms)
			ExecutionOrderSort2 (0ms)
			AwakeInstancesAfterBackupRestoration (9ms)
Platform modules already initialized, skipping
========================================================================
Worker process is ready to serve import requests
Launched and connected shader compiler UnityShaderCompiler.exe after 0.06 seconds
Refreshing native plugins compatible for Editor in 0.39 ms, found 3 plugins.
Preloading 0 native plugins for Editor in 0.00 ms.
Unloading 2315 Unused Serialized files (Serialized files now loaded: 0)
System memory in use before: 104.6 MB.
System memory in use after: 104.8 MB.

Unloading 28 unused Assets to reduce memory usage. Loaded Objects now: 2749.
Total: 3.027800 ms (FindLiveObjects: 0.157800 ms CreateObjectMapping: 0.084500 ms MarkObjects: 2.716500 ms  DeleteObjects: 0.067700 ms)

AssetImportParameters requested are different than current active one (requested -> active):
  custom:framework-win-MediaFoundation: 216162199b28c13a410421893ffa2e32 -> 
  custom:video-decoder-ogg-theora: a1e56fd34408186e4bbccfd4996cb3dc -> 
  custom:container-muxer-webm: aa71ff27fc2769a1b78a27578f13a17b -> 
  custom:container-demuxer-webm: 4f35f7cbe854078d1ac9338744f61a02 -> 
  custom:container-demuxer-ogg: 62fdf1f143b41e24485cea50d1cbac27 -> 
  custom:video-encoder-webm-vp8: eb34c28f22e8b96e1ab97ce403110664 -> 
  custom:video-codec-MediaFoundation-h265: 746d11721c4dcdbdad8f713fa42b33f4 -> 
  custom:video-decoder-webm-vp8: 9c59270c3fd7afecdb556c50c9e8de78 -> 
  custom:audio-decoder-ogg-vorbis: bf7c407c2cedff20999df2af8eb42d56 -> 
  custom:audio-encoder-webm-vorbis: bf7c407c2cedff20999df2af8eb42d56 -> 
========================================================================
Received Import Request.
  path: Assets/Moody Player.psb
  artifactKey: Guid(3572f96a57fb9f9498039f8c75ae4e26) Importer(815301076,1909f56bfc062723c751e8b465ee728b)
Start importing Assets/Moody Player.psb using Guid(3572f96a57fb9f9498039f8c75ae4e26) Importer(815301076,1909f56bfc062723c751e8b465ee728b)  -> (artifact id: '6c818ad538eb7b25b85f22ef293e35d4') in 0.336888 seconds 
  Import took 0.341665 seconds .

========================================================================
Received Import Request.
  Time since last request: 0.837238 seconds.
  path: Assets/Player.psb
  artifactKey: Guid(fe49d2e885e4a0e48aef86ecab6d4f49) Importer(815301076,1909f56bfc062723c751e8b465ee728b)
Start importing Assets/Player.psb using Guid(fe49d2e885e4a0e48aef86ecab6d4f49) Importer(815301076,1909f56bfc062723c751e8b465ee728b)  -> (artifact id: 'a22fa082741d59e7d507b8db38fc3648') in 0.108344 seconds 
  Import took 0.112567 seconds .

========================================================================
Received Import Request.
  Time since last request: 3.554866 seconds.
  path: Assets/Level 1.psb
  artifactKey: Guid(3d7dca5a933674e4d9d033c3ac1aaf8d) Importer(815301076,1909f56bfc062723c751e8b465ee728b)
Start importing Assets/Level 1.psb using Guid(3d7dca5a933674e4d9d033c3ac1aaf8d) Importer(815301076,1909f56bfc062723c751e8b465ee728b)  -> (artifact id: 'aa4faf591ef2439f6615ca308a7def46') in 0.164772 seconds 
  Import took 0.167709 seconds .

========================================================================
Received Import Request.
  Time since last request: 1.225328 seconds.
  path: Assets/Happy VFX.asset
  artifactKey: Guid(6dab0103898824b4bae14112c841345f) Importer(815301076,1909f56bfc062723c751e8b465ee728b)
Start importing Assets/Happy VFX.asset using Guid(6dab0103898824b4bae14112c841345f) Importer(815301076,1909f56bfc062723c751e8b465ee728b)  -> (artifact id: '2fa3982357e98f47a646853cfd58a5c0') in 0.027360 seconds 
  Import took 0.036516 seconds .

========================================================================
Received Import Request.
  Time since last request: 2.295488 seconds.
  path: Assets/Scenes/Happy Scene.unity
  artifactKey: Guid(2cda990e2423bbf4892e6590ba056729) Importer(815301076,1909f56bfc062723c751e8b465ee728b)
Start importing Assets/Scenes/Happy Scene.unity using Guid(2cda990e2423bbf4892e6590ba056729) Importer(815301076,1909f56bfc062723c751e8b465ee728b)  -> (artifact id: '7acaa49c20ae40d41ae9c15af77b649e') in 0.004962 seconds 
  Import took 0.007842 seconds .

========================================================================
Received Import Request.
  Time since last request: 1.615735 seconds.
  path: Assets/Happy Style/Art/Player.psb
  artifactKey: Guid(6493713256434b74c898a6b3efe671ab) Importer(815301076,1909f56bfc062723c751e8b465ee728b)
Start importing Assets/Happy Style/Art/Player.psb using Guid(6493713256434b74c898a6b3efe671ab) Importer(815301076,1909f56bfc062723c751e8b465ee728b)  -> (artifact id: '0b8a76665f1b1884adecfbc3fce85d0f') in 0.120126 seconds 
  Import took 0.124251 seconds .

========================================================================
Received Import Request.
  Time since last request: 0.315879 seconds.
  path: Assets/Happy Style/Art/Level 1.psb
  artifactKey: Guid(c037c439427d2034b9ccba98d6a5502c) Importer(815301076,1909f56bfc062723c751e8b465ee728b)
Start importing Assets/Happy Style/Art/Level 1.psb using Guid(c037c439427d2034b9ccba98d6a5502c) Importer(815301076,1909f56bfc062723c751e8b465ee728b)  -> (artifact id: '4153c9bf95ab29bb4e25ecedd7cbfee1') in 0.214863 seconds 
  Import took 0.220254 seconds .

========================================================================
Received Import Request.
  Time since last request: 0.197172 seconds.
  path: Assets/Happy Style/Art/Cartoon Enemy.psb
  artifactKey: Guid(29c0b67b5aa980c4da57034f383730f5) Importer(815301076,1909f56bfc062723c751e8b465ee728b)
Start importing Assets/Happy Style/Art/Cartoon Enemy.psb using Guid(29c0b67b5aa980c4da57034f383730f5) Importer(815301076,1909f56bfc062723c751e8b465ee728b)  -> (artifact id: '7c732f4d9643eda21b4c3fe7e3f0f4d9') in 0.046197 seconds 
  Import took 0.049615 seconds .

AssetImportWorkerClient::OnTransportError - code=2 error=End of file
