Using pre-set license
Built from '2020.3/staging' branch; Version is '2020.3.25f1 (9b9180224418) revision 10195328'; Using compiler version '192528614'; Build Type 'Release'
OS: 'Windows 10  (10.0.19044) 64bit Professional' Language: 'en' Physical Memory: 16341 MB
BatchMode: 1, IsHumanControllingUs: 0, StartBugReporterOnCrash: 0, Is64bit: 1, IsPro: 0

COMMAND LINE ARGUMENTS:
E:\Program Files\2020.3.25f1\Editor\Unity.exe
-adb2
-batchMode
-noUpm
-name
AssetImportWorker0
-projectPath
D:/_Unity/2020.3.25f1/Unannounced-Title/2D Story Adventure
-logFile
Logs/AssetImportWorker0.log
-srvPort
53206
Successfully changed project path to: D:/_Unity/2020.3.25f1/Unannounced-Title/2D Story Adventure
D:/_Unity/2020.3.25f1/Unannounced-Title/2D Story Adventure
Using Asset Import Pipeline V2.
Refreshing native plugins compatible for Editor in 38.01 ms, found 3 plugins.
Preloading 0 native plugins for Editor in 0.00 ms.
Initialize engine version: 2020.3.25f1 (9b9180224418)
[Subsystems] Discovering subsystems at path E:/Program Files/2020.3.25f1/Editor/Data/Resources/UnitySubsystems
[Subsystems] Discovering subsystems at path D:/_Unity/2020.3.25f1/Unannounced-Title/2D Story Adventure/Assets
GfxDevice: creating device client; threaded=0
Direct3D:
    Version:  Direct3D 11.0 [level 11.1]
    Renderer: NVIDIA GeForce GTX 1070 (ID=0x1b81)
    Vendor:   
    VRAM:     8088 MB
    Driver:   30.0.15.1123
Initialize mono
Mono path[0] = 'E:/Program Files/2020.3.25f1/Editor/Data/Managed'
Mono path[1] = 'E:/Program Files/2020.3.25f1/Editor/Data/MonoBleedingEdge/lib/mono/unityjit'
Mono config path = 'E:/Program Files/2020.3.25f1/Editor/Data/MonoBleedingEdge/etc'
Using monoOptions --debugger-agent=transport=dt_socket,embedding=1,server=y,suspend=n,address=127.0.0.1:56760
Begin MonoManager ReloadAssembly
Registering precompiled unity dll's ...
Register platform support module: E:/Program Files/2020.3.25f1/Editor/Data/PlaybackEngines/WindowsStandaloneSupport/UnityEditor.WindowsStandalone.Extensions.dll
Registered in 0.001076 seconds.
Native extension for WindowsStandalone target not found
Refreshing native plugins compatible for Editor in 36.63 ms, found 3 plugins.
Preloading 0 native plugins for Editor in 0.00 ms.
Mono: successfully reloaded assembly
- Completed reload, in  0.486 seconds
Domain Reload Profiling:
	ReloadAssembly (486ms)
		BeginReloadAssembly (50ms)
			ExecutionOrderSort (0ms)
			DisableScriptedObjects (0ms)
			BackupInstance (0ms)
			ReleaseScriptingObjects (0ms)
			CreateAndSetChildDomain (1ms)
		EndReloadAssembly (378ms)
			LoadAssemblies (50ms)
			RebuildTransferFunctionScriptingTraits (0ms)
			SetupTypeCache (125ms)
			ReleaseScriptCaches (0ms)
			RebuildScriptCaches (27ms)
			SetupLoadedEditorAssemblies (143ms)
				LogAssemblyErrors (0ms)
				InitializePlatformSupportModulesInManaged (3ms)
				SetLoadedEditorAssemblies (0ms)
				RefreshPlugins (37ms)
				BeforeProcessingInitializeOnLoad (11ms)
				ProcessInitializeOnLoadAttributes (68ms)
				ProcessInitializeOnLoadMethodAttributes (23ms)
				AfterProcessingInitializeOnLoad (0ms)
				EditorAssembliesLoaded (0ms)
			ExecutionOrderSort2 (0ms)
			AwakeInstancesAfterBackupRestoration (0ms)
Platform modules already initialized, skipping
Registering precompiled user dll's ...
Registered in 0.004416 seconds.
Begin MonoManager ReloadAssembly
Native extension for WindowsStandalone target not found
Refreshing native plugins compatible for Editor in 36.27 ms, found 3 plugins.
Preloading 0 native plugins for Editor in 0.00 ms.
Mono: successfully reloaded assembly
- Completed reload, in  0.911 seconds
Domain Reload Profiling:
	ReloadAssembly (911ms)
		BeginReloadAssembly (120ms)
			ExecutionOrderSort (0ms)
			DisableScriptedObjects (4ms)
			BackupInstance (0ms)
			ReleaseScriptingObjects (0ms)
			CreateAndSetChildDomain (15ms)
		EndReloadAssembly (747ms)
			LoadAssemblies (84ms)
			RebuildTransferFunctionScriptingTraits (0ms)
			SetupTypeCache (257ms)
			ReleaseScriptCaches (0ms)
			RebuildScriptCaches (39ms)
			SetupLoadedEditorAssemblies (272ms)
				LogAssemblyErrors (0ms)
				InitializePlatformSupportModulesInManaged (3ms)
				SetLoadedEditorAssemblies (0ms)
				RefreshPlugins (36ms)
				BeforeProcessingInitializeOnLoad (62ms)
				ProcessInitializeOnLoadAttributes (156ms)
				ProcessInitializeOnLoadMethodAttributes (14ms)
				AfterProcessingInitializeOnLoad (2ms)
				EditorAssembliesLoaded (0ms)
			ExecutionOrderSort2 (0ms)
			AwakeInstancesAfterBackupRestoration (5ms)
Platform modules already initialized, skipping
========================================================================
Worker process is ready to serve import requests
Launched and connected shader compiler UnityShaderCompiler.exe after 0.07 seconds
Refreshing native plugins compatible for Editor in 0.74 ms, found 3 plugins.
Preloading 0 native plugins for Editor in 0.00 ms.
Unloading 2194 Unused Serialized files (Serialized files now loaded: 0)
System memory in use before: 95.8 MB.
System memory in use after: 95.9 MB.

Unloading 28 unused Assets to reduce memory usage. Loaded Objects now: 2627.
Total: 2.559700 ms (FindLiveObjects: 0.128500 ms CreateObjectMapping: 0.066300 ms MarkObjects: 2.309600 ms  DeleteObjects: 0.054500 ms)

AssetImportParameters requested are different than current active one (requested -> active):
  custom:framework-win-MediaFoundation: 216162199b28c13a410421893ffa2e32 -> 
  custom:video-decoder-ogg-theora: a1e56fd34408186e4bbccfd4996cb3dc -> 
  custom:container-muxer-webm: aa71ff27fc2769a1b78a27578f13a17b -> 
  custom:container-demuxer-webm: 4f35f7cbe854078d1ac9338744f61a02 -> 
  custom:container-demuxer-ogg: 62fdf1f143b41e24485cea50d1cbac27 -> 
  custom:video-encoder-webm-vp8: eb34c28f22e8b96e1ab97ce403110664 -> 
  custom:video-codec-MediaFoundation-h265: 746d11721c4dcdbdad8f713fa42b33f4 -> 
  custom:video-decoder-webm-vp8: 9c59270c3fd7afecdb556c50c9e8de78 -> 
  custom:audio-decoder-ogg-vorbis: bf7c407c2cedff20999df2af8eb42d56 -> 
  custom:audio-encoder-webm-vorbis: bf7c407c2cedff20999df2af8eb42d56 -> 
========================================================================
Received Import Request.
  path: Assets
  artifactKey: Guid(00000000000000001000000000000000) Importer(815301076,1909f56bfc062723c751e8b465ee728b)
Start importing Assets using Guid(00000000000000001000000000000000) Importer(815301076,1909f56bfc062723c751e8b465ee728b)  -> (artifact id: '42d402b061de3733987d63b9cc3b64de') in 0.004544 seconds 
  Import took 0.007874 seconds .

========================================================================
Received Import Request.
  Time since last request: 67.153226 seconds.
  path: Assets/Scenes
  artifactKey: Guid(180e3f82e17a4a44bb70258e9a44774a) Importer(815301076,1909f56bfc062723c751e8b465ee728b)
Start importing Assets/Scenes using Guid(180e3f82e17a4a44bb70258e9a44774a) Importer(815301076,1909f56bfc062723c751e8b465ee728b)  -> (artifact id: '6cd7e585e01bc7c3960abee3247ceb29') in 0.002332 seconds 
  Import took 0.005874 seconds .

========================================================================
Received Import Request.
  Time since last request: 77.676083 seconds.
  path: Assets/Level 1.psb
  artifactKey: Guid(c037c439427d2034b9ccba98d6a5502c) Importer(815301076,1909f56bfc062723c751e8b465ee728b)
Start importing Assets/Level 1.psb using Guid(c037c439427d2034b9ccba98d6a5502c) Importer(815301076,1909f56bfc062723c751e8b465ee728b)  -> (artifact id: 'dfaca71bf63479c02996ff5609826c4c') in 0.195735 seconds 
  Import took 0.199093 seconds .

========================================================================
Received Import Request.
  Time since last request: 93.005305 seconds.
  path: Assets/Level 1.psb
  artifactKey: Guid(c037c439427d2034b9ccba98d6a5502c) Importer(815301076,1909f56bfc062723c751e8b465ee728b)
Start importing Assets/Level 1.psb using Guid(c037c439427d2034b9ccba98d6a5502c) Importer(815301076,1909f56bfc062723c751e8b465ee728b)  -> (artifact id: '67907501a4b4564797693c0105e0113b') in 0.097455 seconds 
  Import took 0.102541 seconds .

========================================================================
Received Import Request.
  Time since last request: 940.426670 seconds.
  path: Assets/Bushes.prefab
  artifactKey: Guid(ddae13c6394ff004c935b63c5a8d10dc) Importer(815301076,1909f56bfc062723c751e8b465ee728b)
Start importing Assets/Bushes.prefab using Guid(ddae13c6394ff004c935b63c5a8d10dc) Importer(815301076,1909f56bfc062723c751e8b465ee728b)  -> (artifact id: '96bece920332ba35dcb60934fa8a7f75') in 0.025577 seconds 
  Import took 0.030776 seconds .

========================================================================
Received Import Request.
  Time since last request: 91.030206 seconds.
  path: Assets/Ground 1.prefab
  artifactKey: Guid(3c2b0bc78f016e147918e32dc602b6da) Importer(815301076,1909f56bfc062723c751e8b465ee728b)
Start importing Assets/Ground 1.prefab using Guid(3c2b0bc78f016e147918e32dc602b6da) Importer(815301076,1909f56bfc062723c751e8b465ee728b)  -> (artifact id: '5cbc7bdafe6b6a795c9de4a1f2ee76ed') in 0.028075 seconds 
  Import took 0.032900 seconds .

========================================================================
Received Import Request.
  Time since last request: 1.862580 seconds.
  path: Assets/Ground 2.prefab
  artifactKey: Guid(e9e493bb49082d64aba3b32a042d1dd5) Importer(815301076,1909f56bfc062723c751e8b465ee728b)
Start importing Assets/Ground 2.prefab using Guid(e9e493bb49082d64aba3b32a042d1dd5) Importer(815301076,1909f56bfc062723c751e8b465ee728b)  -> (artifact id: 'e07291c9345c2cd7b890da28b56acf2d') in 0.024054 seconds 
  Import took 0.027696 seconds .

========================================================================
Received Import Request.
  Time since last request: 1.664700 seconds.
  path: Assets/Ground 3.prefab
  artifactKey: Guid(470949bf06f9e9744816c3516f6be14a) Importer(815301076,1909f56bfc062723c751e8b465ee728b)
Start importing Assets/Ground 3.prefab using Guid(470949bf06f9e9744816c3516f6be14a) Importer(815301076,1909f56bfc062723c751e8b465ee728b)  -> (artifact id: 'a9cdec17497a893a6a0f607a2fb2f9c3') in 0.024408 seconds 
  Import took 0.028263 seconds .

========================================================================
Received Import Request.
  Time since last request: 283.970249 seconds.
  path: Assets/Foreground Bushes 2.prefab
  artifactKey: Guid(cd18daf761fd99f40a99d781f4ab76ce) Importer(815301076,1909f56bfc062723c751e8b465ee728b)
Start importing Assets/Foreground Bushes 2.prefab using Guid(cd18daf761fd99f40a99d781f4ab76ce) Importer(815301076,1909f56bfc062723c751e8b465ee728b)  -> (artifact id: '78f4e98e7c72a7aa0a5ec7b2a7dd86f3') in 0.056115 seconds 
  Import took 0.060587 seconds .

========================================================================
Received Import Request.
  Time since last request: 238.344420 seconds.
  path: Assets/Ground 2.prefab
  artifactKey: Guid(e9e493bb49082d64aba3b32a042d1dd5) Importer(815301076,1909f56bfc062723c751e8b465ee728b)
Start importing Assets/Ground 2.prefab using Guid(e9e493bb49082d64aba3b32a042d1dd5) Importer(815301076,1909f56bfc062723c751e8b465ee728b)  -> (artifact id: '84e67eec5048abdcf758c5645ec07834') in 0.034185 seconds 
  Import took 0.038621 seconds .

AssetImportWorkerClient::OnTransportError - code=2 error=End of file
